<?xml version="1.0" encoding="UTF-8"?>
<!-- Generated by org.testng.reporters.JUnitReportReporter -->
<testsuite hostname="LAPTOP-79H0M76G" name="com.netBanking.Testcase.TC_LoginTest_001" tests="2" failures="0" timestamp="6 Aug 2020 20:03:14 GMT" time="2.573" errors="0">
  <testcase name="loginTest" time="1.309" classname="com.netBanking.Testcase.TC_LoginTest_001"/>
  <testcase name="loginTest" time="1.264" classname="com.netBanking.Testcase.TC_LoginTest_001"/>
</testsuite> <!-- com.netBanking.Testcase.TC_LoginTest_001 -->
