<?xml version="1.0" encoding="UTF-8"?>
<!-- Generated by org.testng.reporters.JUnitReportReporter -->
<testsuite hostname="LAPTOP-79H0M76G" name="com.netBanking.Testcase.TC_AddCustomerName_003" tests="1" failures="0" timestamp="6 Aug 2020 19:25:17 GMT" time="10.294" errors="0">
  <testcase name="addcustomername" time="10.294" classname="com.netBanking.Testcase.TC_AddCustomerName_003"/>
</testsuite> <!-- com.netBanking.Testcase.TC_AddCustomerName_003 -->
